<?xml version="1.0" encoding="UTF-8"?>
<!-- Generated by org.testng.reporters.JUnitXMLReporter -->
<testsuite ignored="0" hostname="DESKTOP-UO91GLQ" failures="0" tests="7" name="Default test" time="64.984" errors="0" timestamp="2022-11-28T13:27:49 IST">
  <testcase classname="com.vtiger.tests.E2E_Test" name="TC03_CreatNewLead" time="19.487"/>
  <testcase classname="com.vtiger.tests.E2E_Test" name="TC04_CancelNewLead" time="3.516"/>
  <testcase classname="com.vtiger.tests.E2E_Test" name="TC05_CreatNewLead_MAndatory_alertfield" time="8.047"/>
  <testcase classname="com.vtiger.tests.E2E_Test" name="TC06_CreatAccountInfoSave" time="11.133"/>
  <testcase classname="com.vtiger.tests.E2E_Test" name="TC07_varify_newaccount_popupwindow" time="5.618"/>
  <testcase classname="com.vtiger.tests.E2E_Test" name="TC08_varify_NewPotential_save" time="5.535"/>
  <testcase classname="com.vtiger.tests.E2E_Test" name="TC09_varify_mouseovermenu" time="11.544"/>
</testsuite> <!-- Default test -->
