<?xml version="1.0" encoding="UTF-8"?>
<!-- Generated by org.testng.reporters.JUnitXMLReporter -->
<testsuite ignored="8" hostname="DESKTOP-UO91GLQ" failures="0" tests="4" name="Test" time="37.204" errors="0" timestamp="2022-11-28T15:44:10 IST">
  <testcase classname="com.vtiger.tests.LoginTest" name="TC01_Invalidlogin" time="2.781"/>
  <testcase classname="com.vtiger.tests.LoginTest" name="TC02_validlogin" time="16.211"/>
  <testcase classname="com.vtiger.tests.E2E_Test" name="TC08_varify_NewPotential_save" time="13.4"/>
  <testcase classname="com.vtiger.tests.E2E_Test" name="TC10_varify_activitysave" time="4.721"/>
  <testcase classname="com.vtiger.tests.BaseTest" name="@BeforeSuite init" time="0.0">
    <ignored/>
  </testcase> <!-- @BeforeSuite init -->
  <testcase classname="com.vtiger.tests.E2E_Test" name="TC07_varify_newaccount_popupwindow" time="0.0">
    <ignored/>
  </testcase> <!-- TC07_varify_newaccount_popupwindow -->
  <testcase classname="com.vtiger.tests.E2E_Test" name="TC09_varify_mouseovermenu" time="0.0">
    <ignored/>
  </testcase> <!-- TC09_varify_mouseovermenu -->
  <testcase classname="com.vtiger.tests.E2E_Test" name="TC05_CreatNewLead_MAndatory_alertfield" time="0.0">
    <ignored/>
  </testcase> <!-- TC05_CreatNewLead_MAndatory_alertfield -->
  <testcase classname="com.vtiger.tests.E2E_Test" name="TC06_CreatAccountInfoSave" time="0.0">
    <ignored/>
  </testcase> <!-- TC06_CreatAccountInfoSave -->
  <testcase classname="com.vtiger.tests.BaseTest" name="@AfterSuite closeapp" time="0.0">
    <ignored/>
  </testcase> <!-- @AfterSuite closeapp -->
  <testcase classname="com.vtiger.tests.E2E_Test" name="TC04_CancelNewLead" time="0.0">
    <ignored/>
  </testcase> <!-- TC04_CancelNewLead -->
  <testcase classname="com.vtiger.tests.E2E_Test" name="TC03_CreatNewLead" time="0.0">
    <ignored/>
  </testcase> <!-- TC03_CreatNewLead -->
</testsuite> <!-- Test -->
